<?xml version="1.0" encoding="UTF-8"?>
<testsuite xmlns:xsi="http://www.w3.org/2001/XMLSchema-instance" xsi:noNamespaceSchemaLocation="https://maven.apache.org/surefire/maven-surefire-plugin/xsd/surefire-test-report.xsd" name="pl.rest.testRunners.NonDBTestRunner" time="27.691" tests="19" errors="0" skipped="2" failures="0">
  <properties>
    <property name="sun.desktop" value="windows"/>
    <property name="awt.toolkit" value="sun.awt.windows.WToolkit"/>
    <property name="file.encoding.pkg" value="sun.io"/>
    <property name="java.specification.version" value="1.8"/>
    <property name="sun.cpu.isalist" value="amd64"/>
    <property name="sun.jnu.encoding" value="Cp1252"/>
    <property name="java.class.path" value="C:\apache-maven-3.8.2-bin\apache-maven-3.8.2\boot\plexus-classworlds-2.6.0.jar"/>
    <property name="java.vm.vendor" value="Oracle Corporation"/>
    <property name="sun.arch.data.model" value="64"/>
    <property name="user.variant" value=""/>
    <property name="java.vendor.url" value="http://java.oracle.com/"/>
    <property name="user.timezone" value="Asia/Calcutta"/>
    <property name="maven.conf" value="C:\apache-maven-3.8.2-bin\apache-maven-3.8.2/conf"/>
    <property name="os.name" value="Windows 10"/>
    <property name="java.vm.specification.version" value="1.8"/>
    <property name="user.country" value="IN"/>
    <property name="sun.java.launcher" value="SUN_STANDARD"/>
    <property name="sun.boot.library.path" value="C:\Program Files\Java\jdk1.8.0_202\jre\bin"/>
    <property name="sun.java.command" value="org.codehaus.plexus.classworlds.launcher.Launcher clean test verify -Dtest=NonDBTestRunner"/>
    <property name="maven.home" value="C:\apache-maven-3.8.2-bin\apache-maven-3.8.2"/>
    <property name="test" value="NonDBTestRunner"/>
    <property name="surefire.test.class.path" value="C:\Users\afzal.ahmed\Pictures\pl.RESTAPIBDD\target\test-classes;C:\Users\afzal.ahmed\Pictures\pl.RESTAPIBDD\target\classes;C:\Users\afzal.ahmed\Pictures\pl.RESTAPIBDD\src\main\AutomationTestFramework-1.2.17.jar;C:\Users\afzal.ahmed\.m2\repository\io\cucumber\cucumber-testng\4.6.0\cucumber-testng-4.6.0.jar;C:\Users\afzal.ahmed\.m2\repository\org\apiguardian\apiguardian-api\1.1.0\apiguardian-api-1.1.0.jar;C:\Users\afzal.ahmed\.m2\repository\io\cucumber\cucumber-core\4.6.0\cucumber-core-4.6.0.jar;C:\Users\afzal.ahmed\.m2\repository\io\cucumber\tag-expressions\1.1.1\tag-expressions-1.1.1.jar;C:\Users\afzal.ahmed\.m2\repository\io\cucumber\cucumber-expressions\7.0.2\cucumber-expressions-7.0.2.jar;C:\Users\afzal.ahmed\.m2\repository\io\cucumber\datatable\1.1.14\datatable-1.1.14.jar;C:\Users\afzal.ahmed\.m2\repository\io\cucumber\datatable-dependencies\1.1.14\datatable-dependencies-1.1.14.jar;C:\Users\afzal.ahmed\.m2\repository\io\cucumber\cucumber-java\4.6.0\cucumber-java-4.6.0.jar;C:\Users\afzal.ahmed\.m2\repository\org\testng\testng\7.0.0\testng-7.0.0.jar;C:\Users\afzal.ahmed\.m2\repository\com\beust\jcommander\1.72\jcommander-1.72.jar;C:\Users\afzal.ahmed\.m2\repository\me\jvt\cucumber\reporting-plugin\5.0.0\reporting-plugin-5.0.0.jar;C:\Users\afzal.ahmed\.m2\repository\io\cucumber\gherkin\17.0.2\gherkin-17.0.2.jar;C:\Users\afzal.ahmed\.m2\repository\io\cucumber\messages\14.1.2\messages-14.1.2.jar;C:\Users\afzal.ahmed\.m2\repository\org\apache\commons\commons-csv\1.1\commons-csv-1.1.jar;C:\Users\afzal.ahmed\.m2\repository\com\aventstack\extentreports\5.0.8\extentreports-5.0.8.jar;C:\Users\afzal.ahmed\.m2\repository\io\reactivex\rxjava3\rxjava\3.0.4\rxjava-3.0.4.jar;C:\Users\afzal.ahmed\.m2\repository\org\reactivestreams\reactive-streams\1.0.3\reactive-streams-1.0.3.jar;C:\Users\afzal.ahmed\.m2\repository\org\freemarker\freemarker\2.3.30\freemarker-2.3.30.jar;C:\Users\afzal.ahmed\.m2\repository\org\projectlombok\lombok\1.18.12\lombok-1.18.12.jar;C:\Users\afzal.ahmed\.m2\repository\com\google\code\gson\gson\2.8.6\gson-2.8.6.jar;C:\Users\afzal.ahmed\.m2\repository\com\aventstack\extentreports-cucumber4-adapter\1.2.1\extentreports-cucumber4-adapter-1.2.1.jar;C:\Users\afzal.ahmed\.m2\repository\com\aventstack\klov-reporter\5.0.1\klov-reporter-5.0.1.jar;C:\Users\afzal.ahmed\.m2\repository\org\mongodb\bson\3.3.0\bson-3.3.0.jar;C:\Users\afzal.ahmed\.m2\repository\org\apache\httpcomponents\httpclient\4.5.2\httpclient-4.5.2.jar;C:\Users\afzal.ahmed\.m2\repository\org\apache\httpcomponents\httpcore\4.4.4\httpcore-4.4.4.jar;C:\Users\afzal.ahmed\.m2\repository\commons-codec\commons-codec\1.9\commons-codec-1.9.jar;C:\Users\afzal.ahmed\.m2\repository\org\apache\httpcomponents\httpmime\4.5.2\httpmime-4.5.2.jar;C:\Users\afzal.ahmed\.m2\repository\org\mongodb\mongodb-driver\3.3.0\mongodb-driver-3.3.0.jar;C:\Users\afzal.ahmed\.m2\repository\org\mongodb\mongodb-driver-core\3.3.0\mongodb-driver-core-3.3.0.jar;C:\Users\afzal.ahmed\.m2\repository\net\masterthought\cucumber-reporting\4.1.0\cucumber-reporting-4.1.0.jar;C:\Users\afzal.ahmed\.m2\repository\org\apache\velocity\velocity\1.7\velocity-1.7.jar;C:\Users\afzal.ahmed\.m2\repository\commons-collections\commons-collections\3.2.1\commons-collections-3.2.1.jar;C:\Users\afzal.ahmed\.m2\repository\commons-lang\commons-lang\2.4\commons-lang-2.4.jar;C:\Users\afzal.ahmed\.m2\repository\velocity-tools\velocity-tools\1.4\velocity-tools-1.4.jar;C:\Users\afzal.ahmed\.m2\repository\joda-time\joda-time\2.10\joda-time-2.10.jar;C:\Users\afzal.ahmed\.m2\repository\org\apache\commons\commons-lang3\3.7\commons-lang3-3.7.jar;C:\Users\afzal.ahmed\.m2\repository\commons-io\commons-io\2.6\commons-io-2.6.jar;C:\Users\afzal.ahmed\.m2\repository\net\lingala\zip4j\zip4j\1.3.2\zip4j-1.3.2.jar;C:\Users\afzal.ahmed\.m2\repository\org\codehaus\plexus\plexus-utils\3.1.0\plexus-utils-3.1.0.jar;C:\Users\afzal.ahmed\.m2\repository\org\jsoup\jsoup\1.11.3\jsoup-1.11.3.jar;C:\Users\afzal.ahmed\.m2\repository\com\googlecode\owasp-java-html-sanitizer\owasp-java-html-sanitizer\20180219.1\owasp-java-html-sanitizer-20180219.1.jar;C:\Users\afzal.ahmed\.m2\repository\com\google\guava\guava\19.0\guava-19.0.jar;C:\Users\afzal.ahmed\.m2\repository\commons-configuration\commons-configuration\1.10\commons-configuration-1.10.jar;C:\Users\afzal.ahmed\.m2\repository\commons-logging\commons-logging\1.1.1\commons-logging-1.1.1.jar;C:\Users\afzal.ahmed\.m2\repository\io\cucumber\cucumber-picocontainer\4.7.0\cucumber-picocontainer-4.7.0.jar;C:\Users\afzal.ahmed\.m2\repository\org\picocontainer\picocontainer\2.15\picocontainer-2.15.jar;C:\Users\afzal.ahmed\.m2\repository\org\apache\maven\surefire\surefire-testng-utils\2.22.0\surefire-testng-utils-2.22.0.jar;C:\Users\afzal.ahmed\.m2\repository\org\apache\maven\surefire\surefire-grouper\2.22.0\surefire-grouper-2.22.0.jar;"/>
    <property name="sun.cpu.endian" value="little"/>
    <property name="user.home" value="C:\Users\afzal.ahmed"/>
    <property name="user.language" value="en"/>
    <property name="sun.stderr.encoding" value="cp437"/>
    <property name="java.specification.vendor" value="Oracle Corporation"/>
    <property name="java.home" value="C:\Program Files\Java\jdk1.8.0_202\jre"/>
    <property name="basedir" value="C:\Users\afzal.ahmed\Pictures\pl.RESTAPIBDD"/>
    <property name="file.separator" value="\"/>
    <property name="line.separator" value="&#10;"/>
    <property name="sun.stdout.encoding" value="cp437"/>
    <property name="java.vm.specification.vendor" value="Oracle Corporation"/>
    <property name="java.specification.name" value="Java Platform API Specification"/>
    <property name="java.awt.graphicsenv" value="sun.awt.Win32GraphicsEnvironment"/>
    <property name="sun.boot.class.path" value="C:\Program Files\Java\jdk1.8.0_202\jre\lib\resources.jar;C:\Program Files\Java\jdk1.8.0_202\jre\lib\rt.jar;C:\Program Files\Java\jdk1.8.0_202\jre\lib\sunrsasign.jar;C:\Program Files\Java\jdk1.8.0_202\jre\lib\jsse.jar;C:\Program Files\Java\jdk1.8.0_202\jre\lib\jce.jar;C:\Program Files\Java\jdk1.8.0_202\jre\lib\charsets.jar;C:\Program Files\Java\jdk1.8.0_202\jre\lib\jfr.jar;C:\Program Files\Java\jdk1.8.0_202\jre\classes"/>
    <property name="user.script" value=""/>
    <property name="sun.management.compiler" value="HotSpot 64-Bit Tiered Compilers"/>
    <property name="java.runtime.version" value="1.8.0_202-b08"/>
    <property name="user.name" value="afzal.ahmed"/>
    <property name="path.separator" value=";"/>
    <property name="os.version" value="10.0"/>
    <property name="java.endorsed.dirs" value="C:\Program Files\Java\jdk1.8.0_202\jre\lib\endorsed"/>
    <property name="java.runtime.name" value="Java(TM) SE Runtime Environment"/>
    <property name="file.encoding" value="Cp1252"/>
    <property name="guice.disable.misplaced.annotation.check" value="true"/>
    <property name="java.vm.name" value="Java HotSpot(TM) 64-Bit Server VM"/>
    <property name="localRepository" value="C:\Users\afzal.ahmed\.m2\repository"/>
    <property name="java.vendor.url.bug" value="http://bugreport.sun.com/bugreport/"/>
    <property name="java.io.tmpdir" value="C:\Users\AFZAL~1.AHM\AppData\Local\Temp\"/>
    <property name="java.version" value="1.8.0_202"/>
    <property name="user.dir" value="C:\Users\afzal.ahmed\Pictures\pl.RESTAPIBDD"/>
    <property name="os.arch" value="amd64"/>
    <property name="maven.multiModuleProjectDirectory" value="C:\Users\afzal.ahmed\Pictures\pl.RESTAPIBDD"/>
    <property name="java.vm.specification.name" value="Java Virtual Machine Specification"/>
    <property name="java.awt.printerjob" value="sun.awt.windows.WPrinterJob"/>
    <property name="sun.os.patch.level" value=""/>
    <property name="java.library.path" value="C:\Program Files\Java\jdk1.8.0_202\bin;C:\Windows\Sun\Java\bin;C:\Windows\system32;C:\Windows;C:\Program Files (x86)\Common Files\Oracle\Java\javapath;%JAVA_HOME%\bin;C:\Program Files\Git\cmd;C:\Program Files\TortoiseSVN\bin;C:\Program Files\Azure Data Studio\bin;C:\Program Files\Docker\Docker\resources\bin;C:\ProgramData\DockerDesktop\version-bin;C:\apache-maven-3.8.2-bin\apache-maven-3.8.2\bin;C:\Program Files\Azure Data Studio\bin;."/>
    <property name="java.vm.info" value="mixed mode"/>
    <property name="java.vendor" value="Oracle Corporation"/>
    <property name="java.vm.version" value="25.202-b08"/>
    <property name="classworlds.conf" value="C:\apache-maven-3.8.2-bin\apache-maven-3.8.2\bin\m2.conf"/>
    <property name="java.ext.dirs" value="C:\Program Files\Java\jdk1.8.0_202\jre\lib\ext;C:\Windows\Sun\Java\lib\ext"/>
    <property name="sun.io.unicode.encoding" value="UnicodeLittle"/>
    <property name="java.class.version" value="52.0"/>
  </properties>
  <testcase name="runScenario" classname="pl.rest.testRunners.NonDBTestRunner" time="8.148"/>
  <testcase name="runScenario" classname="pl.rest.testRunners.NonDBTestRunner" time="0.932"/>
  <testcase name="runScenario" classname="pl.rest.testRunners.NonDBTestRunner" time="1.294"/>
  <testcase name="runScenario" classname="pl.rest.testRunners.NonDBTestRunner" time="1.013"/>
  <testcase name="runScenario" classname="pl.rest.testRunners.NonDBTestRunner" time="1.014"/>
  <testcase name="runScenario" classname="pl.rest.testRunners.NonDBTestRunner" time="1.577"/>
  <testcase name="runScenario" classname="pl.rest.testRunners.NonDBTestRunner" time="0.778"/>
  <testcase name="runScenario" classname="pl.rest.testRunners.NonDBTestRunner" time="0.84"/>
  <testcase name="runScenario" classname="pl.rest.testRunners.NonDBTestRunner" time="1.714"/>
  <testcase name="runScenario" classname="pl.rest.testRunners.NonDBTestRunner" time="0.803"/>
  <testcase name="runScenario" classname="pl.rest.testRunners.NonDBTestRunner" time="0.907"/>
  <testcase name="runScenario" classname="pl.rest.testRunners.NonDBTestRunner" time="0.788"/>
  <testcase name="runScenario" classname="pl.rest.testRunners.NonDBTestRunner" time="0.918"/>
  <testcase name="runScenario" classname="pl.rest.testRunners.NonDBTestRunner" time="1.05"/>
  <testcase name="runScenario" classname="pl.rest.testRunners.NonDBTestRunner" time="0.709"/>
  <testcase name="runScenario" classname="pl.rest.testRunners.NonDBTestRunner" time="0.795"/>
  <testcase name="runScenario" classname="pl.rest.testRunners.NonDBTestRunner" time="0.61"/>
  <testcase name="runScenario" classname="pl.rest.testRunners.NonDBTestRunner" time="0">
    <skipped message="There are undefined steps"/>
  </testcase>
  <testcase name="runScenario" classname="pl.rest.testRunners.NonDBTestRunner" time="0">
    <skipped message="There are undefined steps"/>
  </testcase>
</testsuite>