<?xml version="1.0" encoding="UTF-8"?>
<!-- Generated by org.testng.reporters.JUnitReportReporter -->
<testsuite skipped="2" hostname="PINENOIL15586" name="pl.rest.testRunners.NonDBTestRunner" tests="19" failures="0" timestamp="24 Dec 2021 06:33:31 GMT" time="23.891" errors="0">
  <testcase name="runScenario" time="0.840" classname="pl.rest.testRunners.NonDBTestRunner"/>
  <testcase name="runScenario" time="0.788" classname="pl.rest.testRunners.NonDBTestRunner"/>
  <testcase name="runScenario" time="1.577" classname="pl.rest.testRunners.NonDBTestRunner"/>
  <testcase name="runScenario" time="1.294" classname="pl.rest.testRunners.NonDBTestRunner"/>
  <testcase name="runScenario" time="0.803" classname="pl.rest.testRunners.NonDBTestRunner"/>
  <testcase name="runScenario" time="0.778" classname="pl.rest.testRunners.NonDBTestRunner"/>
  <testcase name="runScenario" time="0.932" classname="pl.rest.testRunners.NonDBTestRunner"/>
  <testcase name="runScenario" time="8.148" classname="pl.rest.testRunners.NonDBTestRunner"/>
  <testcase name="runScenario" time="0.918" classname="pl.rest.testRunners.NonDBTestRunner"/>
  <testcase name="runScenario" time="1.014" classname="pl.rest.testRunners.NonDBTestRunner"/>
  <testcase name="runScenario" time="0.001" classname="pl.rest.testRunners.NonDBTestRunner">
    <skipped/>
  </testcase> <!-- runScenario -->
  <testcase name="runScenario" time="1.012" classname="pl.rest.testRunners.NonDBTestRunner"/>
  <testcase name="runScenario" time="1.714" classname="pl.rest.testRunners.NonDBTestRunner"/>
  <testcase name="runScenario" time="1.050" classname="pl.rest.testRunners.NonDBTestRunner"/>
  <testcase name="runScenario" time="0.795" classname="pl.rest.testRunners.NonDBTestRunner"/>
  <testcase name="runScenario" time="0.610" classname="pl.rest.testRunners.NonDBTestRunner"/>
  <testcase name="runScenario" time="0.001" classname="pl.rest.testRunners.NonDBTestRunner">
    <skipped/>
  </testcase> <!-- runScenario -->
  <testcase name="runScenario" time="0.907" classname="pl.rest.testRunners.NonDBTestRunner"/>
  <testcase name="runScenario" time="0.709" classname="pl.rest.testRunners.NonDBTestRunner"/>
</testsuite> <!-- pl.rest.testRunners.NonDBTestRunner -->
