<?xml version="1.0" encoding="UTF-8"?>
<!-- Generated by org.testng.reporters.JUnitReportReporter -->
<testsuite skipped="2" hostname="PINENOIL15586" name="pl.rest.testRunners.NonDBTestRunner" tests="19" failures="0" timestamp="24 Dec 2021 07:26:02 GMT" time="20.589" errors="0">
  <testcase name="runScenario" time="0.794" classname="pl.rest.testRunners.NonDBTestRunner"/>
  <testcase name="runScenario" time="0.752" classname="pl.rest.testRunners.NonDBTestRunner"/>
  <testcase name="runScenario" time="0.844" classname="pl.rest.testRunners.NonDBTestRunner"/>
  <testcase name="runScenario" time="0.003" classname="pl.rest.testRunners.NonDBTestRunner">
    <skipped/>
  </testcase> <!-- runScenario -->
  <testcase name="runScenario" time="0.758" classname="pl.rest.testRunners.NonDBTestRunner"/>
  <testcase name="runScenario" time="0.710" classname="pl.rest.testRunners.NonDBTestRunner"/>
  <testcase name="runScenario" time="0.716" classname="pl.rest.testRunners.NonDBTestRunner"/>
  <testcase name="runScenario" time="0.657" classname="pl.rest.testRunners.NonDBTestRunner"/>
  <testcase name="runScenario" time="0.725" classname="pl.rest.testRunners.NonDBTestRunner"/>
  <testcase name="runScenario" time="0.001" classname="pl.rest.testRunners.NonDBTestRunner">
    <skipped/>
  </testcase> <!-- runScenario -->
  <testcase name="runScenario" time="1.065" classname="pl.rest.testRunners.NonDBTestRunner"/>
  <testcase name="runScenario" time="0.610" classname="pl.rest.testRunners.NonDBTestRunner"/>
  <testcase name="runScenario" time="0.806" classname="pl.rest.testRunners.NonDBTestRunner"/>
  <testcase name="runScenario" time="6.290" classname="pl.rest.testRunners.NonDBTestRunner"/>
  <testcase name="runScenario" time="1.009" classname="pl.rest.testRunners.NonDBTestRunner"/>
  <testcase name="runScenario" time="0.707" classname="pl.rest.testRunners.NonDBTestRunner"/>
  <testcase name="runScenario" time="0.891" classname="pl.rest.testRunners.NonDBTestRunner"/>
  <testcase name="runScenario" time="2.274" classname="pl.rest.testRunners.NonDBTestRunner"/>
  <testcase name="runScenario" time="0.977" classname="pl.rest.testRunners.NonDBTestRunner"/>
</testsuite> <!-- pl.rest.testRunners.NonDBTestRunner -->
